<?xml version="1.0" encoding="UTF-8"?>
<!-- Generated by org.testng.reporters.JUnitXMLReporter -->
<testsuite hostname="DESKTOP-R1TG5S3" ignored="0" name="Test" tests="3" failures="0" timestamp="2019-12-25T16:23:59 IST" time="0.136" errors="0">
  <testcase name="appiumTest" time="0.008" classname="MavenPractise.AppiumTest"/>
  <testcase name="restAPITest" time="0.0" classname="MavenPractise.RestAPITest"/>
  <testcase name="seleniumTest" time="0.0" classname="MavenPractise.SeleniumTest"/>
</testsuite> <!-- Test -->
